Detecting C compiler ABI info failed to compile with the following output:
Change Dir: C:/Users/Socrasthy/Desktop/Z/kini/build/CMakeFiles/CMakeTmp

Run Build Command(s):nmake /nologo cmTC_1abf1\fast && 	nmake  -f CMakeFiles\cmTC_1abf1.dir\build.make /nologo -L                  CMakeFiles\cmTC_1abf1.dir\build
Building C object CMakeFiles/cmTC_1abf1.dir/CMakeCCompilerABI.c.obj
	C:\cygwin64\bin\gcc.exe   -v -o CMakeFiles\cmTC_1abf1.dir\CMakeCCompilerABI.c.obj -c "C:\Program Files (x86)\CMake\share\cmake-3.19\Modules\CMakeCCompilerABI.c"
Using built-in specs.
COLLECT_GCC=/usr/bin/gcc
Target: x86_64-pc-cygwin
Configured with: /mnt/share/cygpkgs/gcc/gcc.x86_64/src/gcc-10.2.0/configure --srcdir=/mnt/share/cygpkgs/gcc/gcc.x86_64/src/gcc-10.2.0 --prefix=/usr --exec-prefix=/usr --localstatedir=/var --sysconfdir=/etc --docdir=/usr/share/doc/gcc --htmldir=/usr/share/doc/gcc/html -C --build=x86_64-pc-cygwin --host=x86_64-pc-cygwin --target=x86_64-pc-cygwin --without-libiconv-prefix --without-libintl-prefix --libexecdir=/usr/lib --with-gcc-major-version-only --enable-shared --enable-shared-libgcc --enable-static --enable-version-specific-runtime-libs --enable-bootstrap --enable-__cxa_atexit --with-dwarf2 --with-tune=generic --enable-languages=c,c++,fortran,lto,objc,obj-c++ --enable-graphite --enable-threads=posix --enable-libatomic --enable-libgomp --enable-libquadmath --enable-libquadmath-support --disable-libssp --enable-libada --disable-symvers --with-gnu-ld --with-gnu-as --with-cloog-include=/usr/include/cloog-isl --without-libiconv-prefix --without-libintl-prefix --with-system-zlib --enable-linker-build-id --with-default-libstdcxx-abi=gcc4-compatible --enable-libstdcxx-filesystem-ts
Thread model: posix
Supported LTO compression algorithms: zlib zstd
gcc version 10.2.0 (GCC) 
COLLECT_GCC_OPTIONS='-v' '-o' 'CMakeFiles\cmTC_1abf1.dir\CMakeCCompilerABI.c.obj' '-c' '-mtune=generic' '-march=x86-64'
 /usr/lib/gcc/x86_64-pc-cygwin/10/cc1.exe -quiet -v -idirafter /usr/lib/gcc/x86_64-pc-cygwin/10/../../../../lib/../include/w32api -idirafter /usr/lib/gcc/x86_64-pc-cygwin/10/../../../../x86_64-pc-cygwin/lib/../lib/../../include/w32api C:\Program Files (x86)\CMake\share\cmake-3.19\Modules\CMakeCCompilerABI.c -quiet -dumpbase C:\Program Files (x86)\CMake\share\cmake-3.19\Modules\CMakeCCompilerABI.c -mtune=generic -march=x86-64 -auxbase-strip CMakeFiles\cmTC_1abf1.dir\CMakeCCompilerABI.c.obj -version -o /cygdrive/c/Users/SOCRAS~1/AppData/Local/Temp/ccKS6DLS.s
GNU C17 (GCC) version 10.2.0 (x86_64-pc-cygwin)
	compiled by GNU C version 10.2.0, GMP version 6.2.0, MPFR version 4.1.0, MPC version 1.1.0, isl version isl-0.22.1-GMP

warning: GMP header version 6.2.0 differs from library version 6.2.1.
warning: MPC header version 1.1.0 differs from library version 1.2.1.
GGC heuristics: --param ggc-min-expand=100 --param ggc-min-heapsize=131072
ignoring nonexistent directory "/usr/local/include"
ignoring nonexistent directory "/usr/lib/gcc/x86_64-pc-cygwin/10/include-fixed"
ignoring nonexistent directory "/usr/lib/gcc/x86_64-pc-cygwin/10/../../../../x86_64-pc-cygwin/include"
ignoring duplicate directory "/usr/lib/gcc/x86_64-pc-cygwin/10/../../../../x86_64-pc-cygwin/lib/../lib/../../include/w32api"
#include "..." search starts here:
#include <...> search starts here:
 /usr/lib/gcc/x86_64-pc-cygwin/10/include
 /usr/include
 /usr/lib/gcc/x86_64-pc-cygwin/10/../../../../lib/../include/w32api
End of search list.
GNU C17 (GCC) version 10.2.0 (x86_64-pc-cygwin)
	compiled by GNU C version 10.2.0, GMP version 6.2.0, MPFR version 4.1.0, MPC version 1.1.0, isl version isl-0.22.1-GMP

warning: GMP header version 6.2.0 differs from library version 6.2.1.
warning: MPC header version 1.1.0 differs from library version 1.2.1.
GGC heuristics: --param ggc-min-expand=100 --param ggc-min-heapsize=131072
Compiler executable checksum: 734d9bd8d3f826660b4544bd016c5bfa
C:\Program Files (x86)\CMake\share\cmake-3.19\Modules\CMakeCCompilerABI.c:9:10: fatal error: CMakeCompilerABI.h: No such file or directory
    9 | #include "CMakeCompilerABI.h"
      |          ^~~~~~~~~~~~~~~~~~~~
compilation terminated.
NMAKE : fatal error U1077: 'C:\cygwin64\bin\gcc.exe' : return code '0x1'
Stop.
NMAKE : fatal error U1077: 'C:\Masm615\nmake.exe' : return code '0x2'
Stop.




Detecting CXX compiler ABI info failed to compile with the following output:
Change Dir: C:/Users/Socrasthy/Desktop/Z/kini/build/CMakeFiles/CMakeTmp

Run Build Command(s):nmake /nologo cmTC_d2d4a\fast && 	nmake  -f CMakeFiles\cmTC_d2d4a.dir\build.make /nologo -L                  CMakeFiles\cmTC_d2d4a.dir\build
Building CXX object CMakeFiles/cmTC_d2d4a.dir/CMakeCXXCompilerABI.cpp.o
	C:\cygwin64\bin\g++.exe   -v -o CMakeFiles\cmTC_d2d4a.dir\CMakeCXXCompilerABI.cpp.o -c "C:\Program Files (x86)\CMake\share\cmake-3.19\Modules\CMakeCXXCompilerABI.cpp"
Using built-in specs.
COLLECT_GCC=/usr/bin/g++
Target: x86_64-pc-cygwin
Configured with: /mnt/share/cygpkgs/gcc/gcc.x86_64/src/gcc-10.2.0/configure --srcdir=/mnt/share/cygpkgs/gcc/gcc.x86_64/src/gcc-10.2.0 --prefix=/usr --exec-prefix=/usr --localstatedir=/var --sysconfdir=/etc --docdir=/usr/share/doc/gcc --htmldir=/usr/share/doc/gcc/html -C --build=x86_64-pc-cygwin --host=x86_64-pc-cygwin --target=x86_64-pc-cygwin --without-libiconv-prefix --without-libintl-prefix --libexecdir=/usr/lib --with-gcc-major-version-only --enable-shared --enable-shared-libgcc --enable-static --enable-version-specific-runtime-libs --enable-bootstrap --enable-__cxa_atexit --with-dwarf2 --with-tune=generic --enable-languages=c,c++,fortran,lto,objc,obj-c++ --enable-graphite --enable-threads=posix --enable-libatomic --enable-libgomp --enable-libquadmath --enable-libquadmath-support --disable-libssp --enable-libada --disable-symvers --with-gnu-ld --with-gnu-as --with-cloog-include=/usr/include/cloog-isl --without-libiconv-prefix --without-libintl-prefix --with-system-zlib --enable-linker-build-id --with-default-libstdcxx-abi=gcc4-compatible --enable-libstdcxx-filesystem-ts
Thread model: posix
Supported LTO compression algorithms: zlib zstd
gcc version 10.2.0 (GCC) 
COLLECT_GCC_OPTIONS='-v' '-o' 'CMakeFiles\cmTC_d2d4a.dir\CMakeCXXCompilerABI.cpp.o' '-c' '-shared-libgcc' '-mtune=generic' '-march=x86-64'
 /usr/lib/gcc/x86_64-pc-cygwin/10/cc1plus.exe -quiet -v -idirafter /usr/lib/gcc/x86_64-pc-cygwin/10/../../../../lib/../include/w32api -idirafter /usr/lib/gcc/x86_64-pc-cygwin/10/../../../../x86_64-pc-cygwin/lib/../lib/../../include/w32api C:\Program Files (x86)\CMake\share\cmake-3.19\Modules\CMakeCXXCompilerABI.cpp -quiet -dumpbase C:\Program Files (x86)\CMake\share\cmake-3.19\Modules\CMakeCXXCompilerABI.cpp -mtune=generic -march=x86-64 -auxbase-strip CMakeFiles\cmTC_d2d4a.dir\CMakeCXXCompilerABI.cpp.o -version -o /cygdrive/c/Users/SOCRAS~1/AppData/Local/Temp/ccf9POab.s
GNU C++14 (GCC) version 10.2.0 (x86_64-pc-cygwin)
	compiled by GNU C version 10.2.0, GMP version 6.2.0, MPFR version 4.1.0, MPC version 1.1.0, isl version isl-0.22.1-GMP

warning: GMP header version 6.2.0 differs from library version 6.2.1.
warning: MPC header version 1.1.0 differs from library version 1.2.1.
GGC heuristics: --param ggc-min-expand=100 --param ggc-min-heapsize=131072
ignoring nonexistent directory "/usr/local/include"
ignoring nonexistent directory "/usr/lib/gcc/x86_64-pc-cygwin/10/include-fixed"
ignoring nonexistent directory "/usr/lib/gcc/x86_64-pc-cygwin/10/../../../../x86_64-pc-cygwin/include"
ignoring duplicate directory "/usr/lib/gcc/x86_64-pc-cygwin/10/../../../../x86_64-pc-cygwin/lib/../lib/../../include/w32api"
#include "..." search starts here:
#include <...> search starts here:
 /usr/lib/gcc/x86_64-pc-cygwin/10/include/c++
 /usr/lib/gcc/x86_64-pc-cygwin/10/include/c++/x86_64-pc-cygwin
 /usr/lib/gcc/x86_64-pc-cygwin/10/include/c++/backward
 /usr/lib/gcc/x86_64-pc-cygwin/10/include
 /usr/include
 /usr/lib/gcc/x86_64-pc-cygwin/10/../../../../lib/../include/w32api
End of search list.
GNU C++14 (GCC) version 10.2.0 (x86_64-pc-cygwin)
	compiled by GNU C version 10.2.0, GMP version 6.2.0, MPFR version 4.1.0, MPC version 1.1.0, isl version isl-0.22.1-GMP

warning: GMP header version 6.2.0 differs from library version 6.2.1.
warning: MPC header version 1.1.0 differs from library version 1.2.1.
GGC heuristics: --param ggc-min-expand=100 --param ggc-min-heapsize=131072
Compiler executable checksum: 91598a8452df03f30a560d5af0d56f5c
C:\Program Files (x86)\CMake\share\cmake-3.19\Modules\CMakeCXXCompilerABI.cpp:5:10: fatal error: CMakeCompilerABI.h: No such file or directory
    5 | #include "CMakeCompilerABI.h"
      |          ^~~~~~~~~~~~~~~~~~~~
compilation terminated.
NMAKE : fatal error U1077: 'C:\cygwin64\bin\g++.exe' : return code '0x1'
Stop.
NMAKE : fatal error U1077: 'C:\Masm615\nmake.exe' : return code '0x2'
Stop.




